Determining if the pthread_create exist failed with the following output:
Change Dir: /home/neild47/cocos2d/MaJiangServer/cmake-build-debug/CMakeFiles/CMakeTmp

Run Build Command:"/usr/bin/make" "cmTC_a03f3/fast"
/usr/bin/make -f CMakeFiles/cmTC_a03f3.dir/build.make CMakeFiles/cmTC_a03f3.dir/build
make[1]: Entering directory '/home/neild47/cocos2d/MaJiangServer/cmake-build-debug/CMakeFiles/CMakeTmp'
Building C object CMakeFiles/cmTC_a03f3.dir/CheckSymbolExists.c.o
/usr/bin/cc    -o CMakeFiles/cmTC_a03f3.dir/CheckSymbolExists.c.o   -c /home/neild47/cocos2d/MaJiangServer/cmake-build-debug/CMakeFiles/CMakeTmp/CheckSymbolExists.c
Linking C executable cmTC_a03f3
/home/neild47/Apps/clion-2017.2.3/bin/cmake/bin/cmake -E cmake_link_script CMakeFiles/cmTC_a03f3.dir/link.txt --verbose=1
/usr/bin/cc      CMakeFiles/cmTC_a03f3.dir/CheckSymbolExists.c.o  -o cmTC_a03f3 
CMakeFiles/cmTC_a03f3.dir/CheckSymbolExists.c.o：在函数‘main’中：
CheckSymbolExists.c:(.text+0x16)：对‘pthread_create’未定义的引用
collect2: error: ld returned 1 exit status
CMakeFiles/cmTC_a03f3.dir/build.make:97: recipe for target 'cmTC_a03f3' failed
make[1]: *** [cmTC_a03f3] Error 1
make[1]: Leaving directory '/home/neild47/cocos2d/MaJiangServer/cmake-build-debug/CMakeFiles/CMakeTmp'
Makefile:126: recipe for target 'cmTC_a03f3/fast' failed
make: *** [cmTC_a03f3/fast] Error 2

File /home/neild47/cocos2d/MaJiangServer/cmake-build-debug/CMakeFiles/CMakeTmp/CheckSymbolExists.c:
/* */
#include <pthread.h>

int main(int argc, char** argv)
{
  (void)argv;
#ifndef pthread_create
  return ((int*)(&pthread_create))[argc];
#else
  (void)argc;
  return 0;
#endif
}

Determining if the function pthread_create exists in the pthreads failed with the following output:
Change Dir: /home/neild47/cocos2d/MaJiangServer/cmake-build-debug/CMakeFiles/CMakeTmp

Run Build Command:"/usr/bin/make" "cmTC_5fa19/fast"
/usr/bin/make -f CMakeFiles/cmTC_5fa19.dir/build.make CMakeFiles/cmTC_5fa19.dir/build
make[1]: Entering directory '/home/neild47/cocos2d/MaJiangServer/cmake-build-debug/CMakeFiles/CMakeTmp'
Building C object CMakeFiles/cmTC_5fa19.dir/CheckFunctionExists.c.o
/usr/bin/cc   -DCHECK_FUNCTION_EXISTS=pthread_create   -o CMakeFiles/cmTC_5fa19.dir/CheckFunctionExists.c.o   -c /home/neild47/Apps/clion-2017.2.3/bin/cmake/share/cmake-3.9/Modules/CheckFunctionExists.c
Linking C executable cmTC_5fa19
/home/neild47/Apps/clion-2017.2.3/bin/cmake/bin/cmake -E cmake_link_script CMakeFiles/cmTC_5fa19.dir/link.txt --verbose=1
/usr/bin/cc  -DCHECK_FUNCTION_EXISTS=pthread_create    CMakeFiles/cmTC_5fa19.dir/CheckFunctionExists.c.o  -o cmTC_5fa19 -lpthreads 
/usr/bin/ld: 找不到 -lpthreads
collect2: error: ld returned 1 exit status
CMakeFiles/cmTC_5fa19.dir/build.make:97: recipe for target 'cmTC_5fa19' failed
make[1]: *** [cmTC_5fa19] Error 1
make[1]: Leaving directory '/home/neild47/cocos2d/MaJiangServer/cmake-build-debug/CMakeFiles/CMakeTmp'
Makefile:126: recipe for target 'cmTC_5fa19/fast' failed
make: *** [cmTC_5fa19/fast] Error 2


